<?xml version="1.0" encoding="UTF-8"?>
<!-- Generated by org.testng.reporters.JUnitXMLReporter -->
<testsuite ignored="0" hostname="Kapil" failures="3" tests="7" name="Test" time="23.558" errors="0" timestamp="2023-10-29T20:12:30 IST">
  <testcase classname="testCases.LoginPageTest" name="loginToAppTest" time="1.716">
    <failure type="java.lang.AssertionError" message="expected:&amp;lt;6&amp;gt; but was:&amp;lt;https://www.saucedemo.com/inventory.html&amp;gt;">
      <![CDATA[java.lang.AssertionError: expected:<6> but was:<https://www.saucedemo.com/inventory.html>
at testCases.LoginPageTest.loginToAppTest(LoginPageTest.java:47)
at java.base/java.util.ArrayList.forEach(ArrayList.java:1511)
... Removed 29 stack frames]]>
    </failure>
  </testcase> <!-- loginToAppTest -->
  <testcase classname="testCases.LoginPageTest" name="verifyTitleOfApplication" time="0.08"/>
  <testcase classname="testCases.LoginPageTest" name="verifyURLofApplication" time="0.067"/>
  <testcase classname="testCases.InventoryPageTest" name="VerifyProductLabelTest" time="0.127">
    <failure type="java.lang.AssertionError" message="expected:&amp;lt;https://www.saucedemo.com/cart.html&amp;gt; but was:&amp;lt;Products&amp;gt;">
      <![CDATA[java.lang.AssertionError: expected:<https://www.saucedemo.com/cart.html> but was:<Products>
at testCases.InventoryPageTest.VerifyProductLabelTest(InventoryPageTest.java:41)
at java.base/java.util.ArrayList.forEach(ArrayList.java:1511)
... Removed 29 stack frames]]>
    </failure>
  </testcase> <!-- VerifyProductLabelTest -->
  <testcase classname="testCases.InventoryPageTest" name="VerifyTwitterLogoTest" time="0.087"/>
  <testcase classname="testCases.InventoryPageTest" name="removeToCartTest" time="0.875"/>
  <testcase classname="testCases.InventoryPageTest" name="verifyNumElementCartTest" time="0.764">
    <failure type="java.lang.AssertionError" message="expected:&amp;lt;6&amp;gt; but was:&amp;lt;4&amp;gt;">
      <![CDATA[java.lang.AssertionError: expected:<6> but was:<4>
at testCases.InventoryPageTest.verifyNumElementCartTest(InventoryPageTest.java:56)
at java.base/java.util.ArrayList.forEach(ArrayList.java:1511)
... Removed 29 stack frames]]>
    </failure>
  </testcase> <!-- verifyNumElementCartTest -->
</testsuite> <!-- Test -->
